0 info it worked if it ends with ok
1 verbose cli [ 'C:\\Program Files\\nodejs\\node.exe',
1 verbose cli   'C:\\Users\\Junaid\\AppData\\Roaming\\npm\\node_modules\\npm\\bin\\npm-cli.js',
1 verbose cli   'run',
1 verbose cli   'json-server' ]
2 info using npm@3.10.10
3 info using node@v7.6.0
4 verbose run-script [ 'prejson-server', 'json-server', 'postjson-server' ]
5 info lifecycle atomic-demo@1.0.4~prejson-server: atomic-demo@1.0.4
6 silly lifecycle atomic-demo@1.0.4~prejson-server: no script for prejson-server, continuing
7 info lifecycle atomic-demo@1.0.4~json-server: atomic-demo@1.0.4
8 verbose lifecycle atomic-demo@1.0.4~json-server: unsafe-perm in lifecycle true
9 verbose lifecycle atomic-demo@1.0.4~json-server: PATH: C:\Users\Junaid\AppData\Roaming\npm\node_modules\npm\bin\node-gyp-bin;F:\edcertsWallet\node_modules\.bin;C:\Users\Junaid\AppData\Roaming\npm;C:\Program Files\nodejs\;C:\ProgramData\Oracle\Java\javapath;C:\WINDOWS\system32;C:\WINDOWS;C:\WINDOWS\System32\Wbem;C:\WINDOWS\System32\WindowsPowerShell\v1.0\;C:\Program Files\nodejs\;C:\Program Files (x86)\Skype\Phone\;C:\Program Files\MongoDB\Server\3.6\bin;C:\Program Files\Intel\WiFi\bin\;C:\Program Files\Common Files\Intel\WirelessCommon\;C:\Go\bin;C:\Users\Junaid\curl;C:\Program Files (x86)\Windows Kits\8.1\Windows Performance Toolkit\;C:\Users\Junaid\go\bin;C:\Program Files\Git\cmd;C:\Users\Junaid\AppData\Local\Programs\Python\Python36-32\Scripts\;C:\Users\Junaid\AppData\Local\Programs\Python\Python36-32\;C:\Users\Junaid\AppData\Local\Microsoft\WindowsApps;;C:\Program Files (x86)\Microsoft VS Code\bin;C:\Users\Junaid\AppData\Roaming\npm;C:\Program Files\Intel\WiFi\bin\;C:\Program Files\Common Files\Intel\WirelessCommon\;C:\Program Files\Docker Toolbox
10 verbose lifecycle atomic-demo@1.0.4~json-server: CWD: F:\edcertsWallet
11 silly lifecycle atomic-demo@1.0.4~json-server: Args: [ '/d /s /c', 'json-server --watch db.json' ]
12 silly lifecycle atomic-demo@1.0.4~json-server: Returned: code: 3221225786  signal: null
13 info lifecycle atomic-demo@1.0.4~json-server: Failed to exec json-server script
14 verbose stack Error: atomic-demo@1.0.4 json-server: `json-server --watch db.json`
14 verbose stack Exit status 3221225786
14 verbose stack     at EventEmitter.<anonymous> (C:\Users\Junaid\AppData\Roaming\npm\node_modules\npm\lib\utils\lifecycle.js:255:16)
14 verbose stack     at emitTwo (events.js:106:13)
14 verbose stack     at EventEmitter.emit (events.js:192:7)
14 verbose stack     at ChildProcess.<anonymous> (C:\Users\Junaid\AppData\Roaming\npm\node_modules\npm\lib\utils\spawn.js:40:14)
14 verbose stack     at emitTwo (events.js:106:13)
14 verbose stack     at ChildProcess.emit (events.js:192:7)
14 verbose stack     at maybeClose (internal/child_process.js:890:16)
14 verbose stack     at Process.ChildProcess._handle.onexit (internal/child_process.js:226:5)
15 verbose pkgid atomic-demo@1.0.4
16 verbose cwd F:\edcertsWallet
17 error Windows_NT 10.0.16299
18 error argv "C:\\Program Files\\nodejs\\node.exe" "C:\\Users\\Junaid\\AppData\\Roaming\\npm\\node_modules\\npm\\bin\\npm-cli.js" "run" "json-server"
19 error node v7.6.0
20 error npm  v3.10.10
21 error code ELIFECYCLE
22 error atomic-demo@1.0.4 json-server: `json-server --watch db.json`
22 error Exit status 3221225786
23 error Failed at the atomic-demo@1.0.4 json-server script 'json-server --watch db.json'.
23 error Make sure you have the latest version of node.js and npm installed.
23 error If you do, this is most likely a problem with the atomic-demo package,
23 error not with npm itself.
23 error Tell the author that this fails on your system:
23 error     json-server --watch db.json
23 error You can get information on how to open an issue for this project with:
23 error     npm bugs atomic-demo
23 error Or if that isn't available, you can get their info via:
23 error     npm owner ls atomic-demo
23 error There is likely additional logging output above.
24 verbose exit [ 1, true ]
